[18:37:10] [main/INFO]: Using mbed TLS based native cipher.
[18:37:10] [main/INFO]: Using zlib based native compressor.
[18:37:10] [main/INFO]: Enabled Waterfall version git:Waterfall-Bootstrap:1.20-R0.1-SNAPSHOT:ec41547:536
[18:37:10] [main/INFO]: Not on Windows, attempting to use enhanced EpollEventLoop
[18:37:10] [main/INFO]: Epoll is working, utilising it!
[18:37:11] [main/INFO]: Discovered module: ModuleSpec(name=cmd_alert, file=modules/cmd_alert.jar, provider=JenkinsModuleSource())
[18:37:11] [main/INFO]: Discovered module: ModuleSpec(name=cmd_find, file=modules/cmd_find.jar, provider=JenkinsModuleSource())
[18:37:11] [main/INFO]: Discovered module: ModuleSpec(name=cmd_list, file=modules/cmd_list.jar, provider=JenkinsModuleSource())
[18:37:11] [main/INFO]: Discovered module: ModuleSpec(name=cmd_send, file=modules/cmd_send.jar, provider=JenkinsModuleSource())
[18:37:11] [main/INFO]: Discovered module: ModuleSpec(name=cmd_server, file=modules/cmd_server.jar, provider=JenkinsModuleSource())
[18:37:11] [main/INFO]: Discovered module: ModuleSpec(name=reconnect_yaml, file=modules/reconnect_yaml.jar, provider=JenkinsModuleSource())
[18:37:11] [main/INFO]: Loaded plugin reconnect_yaml version git:reconnect_yaml:1.20-R0.1-SNAPSHOT:ec41547:536 by WaterfallMC
[18:37:14] [main/INFO]: Loaded plugin LuckPerms version 5.4.102 by Luck
[18:37:14] [main/INFO]: Loaded plugin cmd_find version git:cmd_find:1.20-R0.1-SNAPSHOT:ec41547:536 by WaterfallMC
[18:37:14] [main/INFO]: Loaded plugin cmd_server version git:cmd_server:1.20-R0.1-SNAPSHOT:ec41547:536 by WaterfallMC
[18:37:14] [main/INFO]: Loaded plugin cmd_alert version git:cmd_alert:1.20-R0.1-SNAPSHOT:ec41547:536 by WaterfallMC
[18:37:14] [main/INFO]: Loaded plugin cmd_send version git:cmd_send:1.20-R0.1-SNAPSHOT:ec41547:536 by WaterfallMC
[18:37:14] [main/INFO]: Loaded plugin cmd_list version git:cmd_list:1.20-R0.1-SNAPSHOT:ec41547:536 by WaterfallMC
[18:37:15] [main/INFO]: Loaded plugin EaglercraftXBungee version 1.0.5 by lax1dude
[18:37:15] [main/WARN]: Forced host server pvp is not defined
[18:37:15] [main/INFO]: Enabled plugin reconnect_yaml version git:reconnect_yaml:1.20-R0.1-SNAPSHOT:ec41547:536 by WaterfallMC
[18:37:19] [main/INFO]:         __    
[18:37:19] [main/INFO]:   |    |__)   LuckPerms v5.4.102
[18:37:19] [main/INFO]:   |___ |      Running on BungeeCord - Waterfall
[18:37:19] [main/INFO]: 
[18:37:19] [main/INFO] [LuckPerms]: Loading configuration...
[18:37:24] [main/INFO] [LuckPerms]: Loading storage provider... [H2]
[18:37:34] [main/INFO] [LuckPerms]: Loading internal permission managers...
[18:37:36] [main/INFO] [LuckPerms]: Performing initial data load...
[18:37:37] [main/INFO] [LuckPerms]: Successfully enabled. (took 22490ms)
[18:37:37] [main/INFO]: Enabled plugin LuckPerms version 5.4.102 by Luck
[18:37:37] [main/INFO]: Enabled plugin cmd_find version git:cmd_find:1.20-R0.1-SNAPSHOT:ec41547:536 by WaterfallMC
[18:37:37] [main/INFO]: Enabled plugin cmd_server version git:cmd_server:1.20-R0.1-SNAPSHOT:ec41547:536 by WaterfallMC
[18:37:37] [main/INFO]: Enabled plugin cmd_alert version git:cmd_alert:1.20-R0.1-SNAPSHOT:ec41547:536 by WaterfallMC
[18:37:37] [main/INFO]: Enabled plugin cmd_send version git:cmd_send:1.20-R0.1-SNAPSHOT:ec41547:536 by WaterfallMC
[18:37:37] [main/INFO]: Enabled plugin cmd_list version git:cmd_list:1.20-R0.1-SNAPSHOT:ec41547:536 by WaterfallMC
[18:37:37] [main/ERROR] [EaglercraftXBungee]: Online mode is set to false! Authentication system has been disabled
[18:37:39] [Netty Worker IO Thread #0/INFO] [EaglercraftXBungee]: Eaglercraft is listening on: /0.0.0.0:8081
[18:37:43] [main/INFO] [EaglercraftXBungee]: Connected to database: jdbc:sqlite:eaglercraft_skins_cache.db
[18:37:43] [main/INFO]: Enabled plugin EaglercraftXBungee version 1.0.5 by lax1dude
[18:37:43] [Netty Boss IO Thread #0/INFO]: Listening on localhost/127.0.0.1:25565
[18:37:43] [Netty Worker IO Thread #2/INFO]: Started query on /127.0.0.1:25565
